<?xml version="1.0" encoding="UTF-8"?>
<testsuite name="com.rb.gwthope.server.dao.UserDAOTest" failures="0" tests="1" time="0.5" errors="0">
  <properties/>
  <testcase name="@BeforeMethod init" time="0.0" classname="com.rb.gwthope.server.dao.UserDAOTest">
    <failure type="javax.persistence.PersistenceException" message="[PersistenceUnit: testPU] Unable to configure EntityManagerFactory">
      <![CDATA[javax.persistence.PersistenceException: [PersistenceUnit: testPU] Unable to configure EntityManagerFactory
	at org.hibernate.ejb.Ejb3Configuration.configure(Ejb3Configuration.java:371)
	at org.hibernate.ejb.HibernatePersistence.createEntityManagerFactory(HibernatePersistence.java:55)
	at javax.persistence.Persistence.createEntityManagerFactory(Persistence.java:48)
	at javax.persistence.Persistence.createEntityManagerFactory(Persistence.java:32)
	at com.rb.gwthope.server.dao.UserDAOTest.init(UserDAOTest.java:16)
Caused by: org.hibernate.HibernateException: Unable to get the default Bean Validation factory
	at org.hibernate.cfg.beanvalidation.BeanValidationActivator.applyDDL(BeanValidationActivator.java:104)
	at org.hibernate.cfg.AnnotationConfiguration.applyBeanValidationConstraintsOnDDL(AnnotationConfiguration.java:477)
	at org.hibernate.cfg.AnnotationConfiguration.applyConstraintsToDDL(AnnotationConfiguration.java:429)
	at org.hibernate.cfg.AnnotationConfiguration.secondPassCompile(AnnotationConfiguration.java:403)
	at org.hibernate.cfg.Configuration.buildMappings(Configuration.java:1206)
	at org.hibernate.ejb.Ejb3Configuration.buildMappings(Ejb3Configuration.java:1449)
	at org.hibernate.ejb.EventListenerConfigurator.configure(EventListenerConfigurator.java:193)
	at org.hibernate.ejb.Ejb3Configuration.configure(Ejb3Configuration.java:1077)
	at org.hibernate.ejb.Ejb3Configuration.configure(Ejb3Configuration.java:275)
	at org.hibernate.ejb.Ejb3Configuration.configure(Ejb3Configuration.java:359)
	... 28 more
	at org.hibernate.cfg.beanvalidation.BeanValidationActivator.applyDDL(BeanValidationActivator.java:95)
	... 37 more
Caused by: org.hibernate.HibernateException: Unable to build the default ValidatorFactory
	at org.hibernate.cfg.beanvalidation.TypeSafeActivator.getValidatorFactory(TypeSafeActivator.java:302)
	at org.hibernate.cfg.beanvalidation.TypeSafeActivator.applyDDL(TypeSafeActivator.java:82)
	... 42 more
Caused by: javax.validation.ValidationException: Unable to find a default provider
	at javax.validation.Validation$GenericBootstrapImpl.configure(Validation.java:264)
	at javax.validation.Validation.buildDefaultValidatorFactory(Validation.java:111)
	at org.hibernate.cfg.beanvalidation.TypeSafeActivator.getValidatorFactory(TypeSafeActivator.java:299)
	... 43 more
... Removed 29 stack frames]]>
    </failure>
  </testcase>
  <testcase name="findByUser" time="0.0" classname="com.rb.gwthope.server.dao.UserDAOTest">
    <skipped/>
  </testcase>
</testsuite>
