<?xml version="1.0" encoding="UTF-8"?>
<testng-results skipped="0" failed="0" total="1" passed="1">
  <reporter-output>
  </reporter-output>
  <suite name="Default suite" duration-ms="13470" started-at="2012-04-02T10:23:28Z" finished-at="2012-04-02T10:23:41Z">
    <groups>
    </groups>
    <test name="Default test" duration-ms="13470" started-at="2012-04-02T10:23:28Z" finished-at="2012-04-02T10:23:41Z">
      <class name="com.rb.gwthope.server.ProductDaoImplTest">
        <test-method status="PASS" signature="unitilsBeforeClass()[pri:0, instance:com.rb.gwthope.server.ProductDaoImplTest@1313906]" name="unitilsBeforeClass" is-config="true" duration-ms="217" started-at="2012-04-02T10:23:28Z" finished-at="2012-04-02T10:23:28Z">
        </test-method> <!-- unitilsBeforeClass -->
        <test-method status="PASS" signature="unitilsBeforeTestSetUp(java.lang.reflect.Method)[pri:0, instance:com.rb.gwthope.server.ProductDaoImplTest@1313906]" name="unitilsBeforeTestSetUp" is-config="true" duration-ms="12926" started-at="2012-04-02T10:23:28Z" finished-at="2012-04-02T10:23:41Z">
          <params>
            <param index="0">
              <value>
                <![CDATA[public void com.rb.gwthope.server.ProductDaoImplTest.createProduct()]]>
              </value>
            </param>
          </params>
        </test-method> <!-- unitilsBeforeTestSetUp -->
        <test-method status="PASS" signature="setup()[pri:0, instance:com.rb.gwthope.server.ProductDaoImplTest@1313906]" name="setup" is-config="true" duration-ms="3" started-at="2012-04-02T10:23:41Z" finished-at="2012-04-02T10:23:41Z">
        </test-method> <!-- setup -->
        <test-method status="PASS" signature="createProduct()[pri:0, instance:com.rb.gwthope.server.ProductDaoImplTest@1313906]" name="createProduct" duration-ms="66" started-at="2012-04-02T10:23:41Z" finished-at="2012-04-02T10:23:41Z">
        </test-method> <!-- createProduct -->
        <test-method status="PASS" signature="unitilsAfterTestTearDown(java.lang.reflect.Method)[pri:0, instance:com.rb.gwthope.server.ProductDaoImplTest@1313906]" name="unitilsAfterTestTearDown" is-config="true" duration-ms="244" started-at="2012-04-02T10:23:41Z" finished-at="2012-04-02T10:23:41Z">
          <params>
            <param index="0">
              <value>
                <![CDATA[public void com.rb.gwthope.server.ProductDaoImplTest.createProduct()]]>
              </value>
            </param>
          </params>
        </test-method> <!-- unitilsAfterTestTearDown -->
      </class> <!-- com.rb.gwthope.server.ProductDaoImplTest -->
    </test> <!-- Default test -->
  </suite> <!-- Default suite -->
</testng-results>
